<?xml version="1.0" encoding="UTF-8"?>
<!-- Generated by org.testng.reporters.JUnitXMLReporter -->
<testsuite ignored="0" hostname="DESKTOP-8LS31E0" failures="0" tests="5" name="Entrata Functional Tests" time="63.658" errors="0" timestamp="2025-06-19T15:34:19 IST">
  <testcase classname="tests.EntrataTests" name="testResidentPayNavigation" time="18.473"/>
  <testcase classname="tests.EntrataTests" name="testDemoFormInteraction" time="6.086"/>
  <testcase classname="tests.EntrataTests" name="testHomeSliderTransition" time="15.993"/>
  <testcase classname="tests.EntrataTests" name="testCareersNavigation" time="11.209"/>
  <testcase classname="tests.EntrataTests" name="testVideoPlaybackPresence" time="9.365"/>
</testsuite> <!-- Entrata Functional Tests -->
