<?xml version="1.0" encoding="UTF-8"?>
<testng-results ignored="0" total="5" passed="5" failed="0" skipped="0">
  <reporter-output>
  </reporter-output>
  <suite started-at="2025-06-19T15:33:15 IST" name="Entrata Test Suite" finished-at="2025-06-19T15:34:19 IST" duration-ms="63658">
    <groups>
    </groups>
    <test started-at="2025-06-19T15:33:15 IST" name="Entrata Functional Tests" finished-at="2025-06-19T15:34:19 IST" duration-ms="63658">
      <class name="tests.EntrataTests">
        <test-method is-config="true" signature="setupExtent()[pri:0, instance:tests.EntrataTests@cb191ca]" started-at="2025-06-19T15:33:15 IST" name="setupExtent" finished-at="2025-06-19T15:33:15 IST" duration-ms="175" status="PASS">
          <reporter-output>
          </reporter-output>
        </test-method> <!-- setupExtent -->
        <test-method is-config="true" signature="setup()[pri:0, instance:tests.EntrataTests@cb191ca]" started-at="2025-06-19T15:33:15 IST" name="setup" finished-at="2025-06-19T15:33:17 IST" duration-ms="2205" status="PASS">
          <reporter-output>
          </reporter-output>
        </test-method> <!-- setup -->
        <test-method signature="testResidentPayNavigation()[pri:1, instance:tests.EntrataTests@cb191ca]" started-at="2025-06-19T15:33:17 IST" name="testResidentPayNavigation" finished-at="2025-06-19T15:33:36 IST" duration-ms="18473" status="PASS">
          <reporter-output>
          </reporter-output>
        </test-method> <!-- testResidentPayNavigation -->
        <test-method is-config="true" signature="captureFailure(org.testng.ITestResult)[pri:0, instance:tests.EntrataTests@cb191ca]" started-at="2025-06-19T15:33:36 IST" name="captureFailure" finished-at="2025-06-19T15:33:36 IST" duration-ms="1" status="PASS">
          <params>
            <param index="0">
              <value>
                <![CDATA[[TestResult name=testResidentPayNavigation status=SUCCESS method=EntrataTests.testResidentPayNavigation()[pri:1, instance:tests.EntrataTests@cb191ca] output={null}]]]>
              </value>
            </param>
          </params>
          <reporter-output>
          </reporter-output>
        </test-method> <!-- captureFailure -->
        <test-method signature="testDemoFormInteraction()[pri:2, instance:tests.EntrataTests@cb191ca]" started-at="2025-06-19T15:33:36 IST" name="testDemoFormInteraction" finished-at="2025-06-19T15:33:42 IST" duration-ms="6086" status="PASS">
          <reporter-output>
          </reporter-output>
        </test-method> <!-- testDemoFormInteraction -->
        <test-method is-config="true" signature="captureFailure(org.testng.ITestResult)[pri:0, instance:tests.EntrataTests@cb191ca]" started-at="2025-06-19T15:33:42 IST" name="captureFailure" finished-at="2025-06-19T15:33:42 IST" duration-ms="0" status="PASS">
          <params>
            <param index="0">
              <value>
                <![CDATA[[TestResult name=testDemoFormInteraction status=SUCCESS method=EntrataTests.testDemoFormInteraction()[pri:2, instance:tests.EntrataTests@cb191ca] output={null}]]]>
              </value>
            </param>
          </params>
          <reporter-output>
          </reporter-output>
        </test-method> <!-- captureFailure -->
        <test-method signature="testHomeSliderTransition()[pri:3, instance:tests.EntrataTests@cb191ca]" started-at="2025-06-19T15:33:42 IST" name="testHomeSliderTransition" finished-at="2025-06-19T15:33:58 IST" duration-ms="15993" status="PASS">
          <reporter-output>
          </reporter-output>
        </test-method> <!-- testHomeSliderTransition -->
        <test-method is-config="true" signature="captureFailure(org.testng.ITestResult)[pri:0, instance:tests.EntrataTests@cb191ca]" started-at="2025-06-19T15:33:58 IST" name="captureFailure" finished-at="2025-06-19T15:33:58 IST" duration-ms="0" status="PASS">
          <params>
            <param index="0">
              <value>
                <![CDATA[[TestResult name=testHomeSliderTransition status=SUCCESS method=EntrataTests.testHomeSliderTransition()[pri:3, instance:tests.EntrataTests@cb191ca] output={null}]]]>
              </value>
            </param>
          </params>
          <reporter-output>
          </reporter-output>
        </test-method> <!-- captureFailure -->
        <test-method signature="testCareersNavigation()[pri:4, instance:tests.EntrataTests@cb191ca]" started-at="2025-06-19T15:33:58 IST" name="testCareersNavigation" finished-at="2025-06-19T15:34:09 IST" duration-ms="11209" status="PASS">
          <reporter-output>
          </reporter-output>
        </test-method> <!-- testCareersNavigation -->
        <test-method is-config="true" signature="captureFailure(org.testng.ITestResult)[pri:0, instance:tests.EntrataTests@cb191ca]" started-at="2025-06-19T15:34:09 IST" name="captureFailure" finished-at="2025-06-19T15:34:09 IST" duration-ms="1" status="PASS">
          <params>
            <param index="0">
              <value>
                <![CDATA[[TestResult name=testCareersNavigation status=SUCCESS method=EntrataTests.testCareersNavigation()[pri:4, instance:tests.EntrataTests@cb191ca] output={null}]]]>
              </value>
            </param>
          </params>
          <reporter-output>
          </reporter-output>
        </test-method> <!-- captureFailure -->
        <test-method signature="testVideoPlaybackPresence()[pri:5, instance:tests.EntrataTests@cb191ca]" started-at="2025-06-19T15:34:09 IST" name="testVideoPlaybackPresence" finished-at="2025-06-19T15:34:19 IST" duration-ms="9365" status="PASS">
          <reporter-output>
          </reporter-output>
        </test-method> <!-- testVideoPlaybackPresence -->
        <test-method is-config="true" signature="captureFailure(org.testng.ITestResult)[pri:0, instance:tests.EntrataTests@cb191ca]" started-at="2025-06-19T15:34:19 IST" name="captureFailure" finished-at="2025-06-19T15:34:19 IST" duration-ms="0" status="PASS">
          <params>
            <param index="0">
              <value>
                <![CDATA[[TestResult name=testVideoPlaybackPresence status=SUCCESS method=EntrataTests.testVideoPlaybackPresence()[pri:5, instance:tests.EntrataTests@cb191ca] output={null}]]]>
              </value>
            </param>
          </params>
          <reporter-output>
          </reporter-output>
        </test-method> <!-- captureFailure -->
        <test-method is-config="true" signature="tearDown()[pri:0, instance:tests.EntrataTests@cb191ca]" started-at="2025-06-19T15:34:19 IST" name="tearDown" finished-at="2025-06-19T15:34:19 IST" duration-ms="276" status="PASS">
          <reporter-output>
          </reporter-output>
        </test-method> <!-- tearDown -->
        <test-method is-config="true" signature="tearDownExtent()[pri:0, instance:tests.EntrataTests@cb191ca]" started-at="2025-06-19T15:34:19 IST" name="tearDownExtent" finished-at="2025-06-19T15:34:19 IST" duration-ms="313" status="PASS">
          <reporter-output>
          </reporter-output>
        </test-method> <!-- tearDownExtent -->
      </class> <!-- tests.EntrataTests -->
    </test> <!-- Entrata Functional Tests -->
  </suite> <!-- Entrata Test Suite -->
</testng-results>
